This is pdfTeX, Version 3.141592653-2.6-1.40.25 (TeX Live 2023) (preloaded format=pdflatex 2023.9.20)  14 DEC 2023 16:38
entering extended mode
 \write18 enabled.
 %&-line parsing enabled.
**report.tex
(./report.tex
LaTeX2e <2023-06-01> patch level 1
L3 programming layer <2023-08-29>
(c:/texlive/2023/texmf-dist/tex/latex/base/article.cls
Document Class: article 2023/05/17 v1.4n Standard LaTeX document class
(c:/texlive/2023/texmf-dist/tex/latex/base/size10.clo
File: size10.clo 2023/05/17 v1.4n Standard LaTeX file (size option)
)
\c@part=\count185
\c@section=\count186
\c@subsection=\count187
\c@subsubsection=\count188
\c@paragraph=\count189
\c@subparagraph=\count190
\c@figure=\count191
\c@table=\count192
\abovecaptionskip=\skip48
\belowcaptionskip=\skip49
\bibindent=\dimen140
)
(c:/texlive/2023/texmf-dist/tex/latex/amscls/amsthm.sty
Package: amsthm 2020/05/29 v2.20.6
\thm@style=\toks17
\thm@bodyfont=\toks18
\thm@headfont=\toks19
\thm@notefont=\toks20
\thm@headpunct=\toks21
\thm@preskip=\skip50
\thm@postskip=\skip51
\thm@headsep=\skip52
\dth@everypar=\toks22
)
(c:/texlive/2023/texmf-dist/tex/latex/amsfonts/amsfonts.sty
Package: amsfonts 2013/01/14 v3.01 Basic AMSFonts support
\@emptytoks=\toks23
\symAMSa=\mathgroup4
\symAMSb=\mathgroup5
LaTeX Font Info:    Redeclaring math symbol \hbar on input line 98.
LaTeX Font Info:    Overwriting math alphabet `\mathfrak' in version `bold'
(Font)                  U/euf/m/n --> U/euf/b/n on input line 106.
)
(c:/texlive/2023/texmf-dist/tex/latex/amsmath/amsmath.sty
Package: amsmath 2023/05/13 v2.17o AMS math features
\@mathmargin=\skip53

For additional information on amsmath, use the `?' option.
(c:/texlive/2023/texmf-dist/tex/latex/amsmath/amstext.sty
Package: amstext 2021/08/26 v2.01 AMS text

(c:/texlive/2023/texmf-dist/tex/latex/amsmath/amsgen.sty
File: amsgen.sty 1999/11/30 v2.0 generic functions
\@emptytoks=\toks24
\ex@=\dimen141
))
(c:/texlive/2023/texmf-dist/tex/latex/amsmath/amsbsy.sty
Package: amsbsy 1999/11/29 v1.2d Bold Symbols
\pmbraise@=\dimen142
)
(c:/texlive/2023/texmf-dist/tex/latex/amsmath/amsopn.sty
Package: amsopn 2022/04/08 v2.04 operator names
)
\inf@bad=\count193
LaTeX Info: Redefining \frac on input line 234.
\uproot@=\count194
\leftroot@=\count195
LaTeX Info: Redefining \overline on input line 399.
LaTeX Info: Redefining \colon on input line 410.
\classnum@=\count196
\DOTSCASE@=\count197
LaTeX Info: Redefining \ldots on input line 496.
LaTeX Info: Redefining \dots on input line 499.
LaTeX Info: Redefining \cdots on input line 620.
\Mathstrutbox@=\box51
\strutbox@=\box52
LaTeX Info: Redefining \big on input line 722.
LaTeX Info: Redefining \Big on input line 723.
LaTeX Info: Redefining \bigg on input line 724.
LaTeX Info: Redefining \Bigg on input line 725.
\big@size=\dimen143
LaTeX Font Info:    Redeclaring font encoding OML on input line 743.
LaTeX Font Info:    Redeclaring font encoding OMS on input line 744.
\macc@depth=\count198
LaTeX Info: Redefining \bmod on input line 905.
LaTeX Info: Redefining \pmod on input line 910.
LaTeX Info: Redefining \smash on input line 940.
LaTeX Info: Redefining \relbar on input line 970.
LaTeX Info: Redefining \Relbar on input line 971.
\c@MaxMatrixCols=\count199
\dotsspace@=\muskip16
\c@parentequation=\count266
\dspbrk@lvl=\count267
\tag@help=\toks25
\row@=\count268
\column@=\count269
\maxfields@=\count270
\andhelp@=\toks26
\eqnshift@=\dimen144
\alignsep@=\dimen145
\tagshift@=\dimen146
\tagwidth@=\dimen147
\totwidth@=\dimen148
\lineht@=\dimen149
\@envbody=\toks27
\multlinegap=\skip54
\multlinetaggap=\skip55
\mathdisplay@stack=\toks28
LaTeX Info: Redefining \[ on input line 2953.
LaTeX Info: Redefining \] on input line 2954.
)
(c:/texlive/2023/texmf-dist/tex/latex/amsfonts/amssymb.sty
Package: amssymb 2013/01/14 v3.01 AMS font symbols
)
(c:/texlive/2023/texmf-dist/tex/latex/preprint/fullpage.sty
Package: fullpage 1999/02/23 1.1 (PWD)
\FP@margin=\skip56
)
(c:/texlive/2023/texmf-dist/tex/latex/graphics/color.sty
Package: color 2022/01/06 v1.3d Standard LaTeX Color (DPC)

(c:/texlive/2023/texmf-dist/tex/latex/graphics-cfg/color.cfg
File: color.cfg 2016/01/02 v1.6 sample color configuration
)
Package color Info: Driver file: pdftex.def on input line 149.

(c:/texlive/2023/texmf-dist/tex/latex/graphics-def/pdftex.def
File: pdftex.def 2022/09/22 v1.2b Graphics/color driver for pdftex
)
(c:/texlive/2023/texmf-dist/tex/latex/graphics/mathcolor.ltx))
(c:/texlive/2023/texmf-dist/tex/latex/hyperref/hyperref.sty
Package: hyperref 2023-07-08 v7.01b Hypertext links for LaTeX

(c:/texlive/2023/texmf-dist/tex/generic/ltxcmds/ltxcmds.sty
Package: ltxcmds 2020-05-10 v1.25 LaTeX kernel commands for general use (HO)
)
(c:/texlive/2023/texmf-dist/tex/generic/iftex/iftex.sty
Package: iftex 2022/02/03 v1.0f TeX engine tests
)
(c:/texlive/2023/texmf-dist/tex/generic/pdftexcmds/pdftexcmds.sty
Package: pdftexcmds 2020-06-27 v0.33 Utility functions of pdfTeX for LuaTeX (HO
)

(c:/texlive/2023/texmf-dist/tex/generic/infwarerr/infwarerr.sty
Package: infwarerr 2019/12/03 v1.5 Providing info/warning/error messages (HO)
)
Package pdftexcmds Info: \pdf@primitive is available.
Package pdftexcmds Info: \pdf@ifprimitive is available.
Package pdftexcmds Info: \pdfdraftmode found.
)
(c:/texlive/2023/texmf-dist/tex/latex/graphics/keyval.sty
Package: keyval 2022/05/29 v1.15 key=value parser (DPC)
\KV@toks@=\toks29
)
(c:/texlive/2023/texmf-dist/tex/latex/kvsetkeys/kvsetkeys.sty
Package: kvsetkeys 2022-10-05 v1.19 Key value parser (HO)
)
(c:/texlive/2023/texmf-dist/tex/generic/kvdefinekeys/kvdefinekeys.sty
Package: kvdefinekeys 2019-12-19 v1.6 Define keys (HO)
)
(c:/texlive/2023/texmf-dist/tex/generic/pdfescape/pdfescape.sty
Package: pdfescape 2019/12/09 v1.15 Implements pdfTeX's escape features (HO)
)
(c:/texlive/2023/texmf-dist/tex/latex/hycolor/hycolor.sty
Package: hycolor 2020-01-27 v1.10 Color options for hyperref/bookmark (HO)
)
(c:/texlive/2023/texmf-dist/tex/latex/letltxmacro/letltxmacro.sty
Package: letltxmacro 2019/12/03 v1.6 Let assignment for LaTeX macros (HO)
)
(c:/texlive/2023/texmf-dist/tex/latex/auxhook/auxhook.sty
Package: auxhook 2019-12-17 v1.6 Hooks for auxiliary files (HO)
)
(c:/texlive/2023/texmf-dist/tex/latex/hyperref/nameref.sty
Package: nameref 2023-08-07 v2.53 Cross-referencing by name of section

(c:/texlive/2023/texmf-dist/tex/latex/refcount/refcount.sty
Package: refcount 2019/12/15 v3.6 Data extraction from label references (HO)
)
(c:/texlive/2023/texmf-dist/tex/generic/gettitlestring/gettitlestring.sty
Package: gettitlestring 2019/12/15 v1.6 Cleanup title references (HO)

(c:/texlive/2023/texmf-dist/tex/latex/kvoptions/kvoptions.sty
Package: kvoptions 2022-06-15 v3.15 Key value format for package options (HO)
))
\c@section@level=\count271
)
(c:/texlive/2023/texmf-dist/tex/latex/etoolbox/etoolbox.sty
Package: etoolbox 2020/10/05 v2.5k e-TeX tools for LaTeX (JAW)
\etb@tempcnta=\count272
)
\@linkdim=\dimen150
\Hy@linkcounter=\count273
\Hy@pagecounter=\count274

(c:/texlive/2023/texmf-dist/tex/latex/hyperref/pd1enc.def
File: pd1enc.def 2023-07-08 v7.01b Hyperref: PDFDocEncoding definition (HO)
Now handling font encoding PD1 ...
... no UTF-8 mapping file for font encoding PD1
)
(c:/texlive/2023/texmf-dist/tex/generic/intcalc/intcalc.sty
Package: intcalc 2019/12/15 v1.3 Expandable calculations with integers (HO)
)
\Hy@SavedSpaceFactor=\count275

(c:/texlive/2023/texmf-dist/tex/latex/hyperref/puenc.def
File: puenc.def 2023-07-08 v7.01b Hyperref: PDF Unicode definition (HO)
Now handling font encoding PU ...
... no UTF-8 mapping file for font encoding PU
)
Package hyperref Info: Hyper figures OFF on input line 4167.
Package hyperref Info: Link nesting OFF on input line 4172.
Package hyperref Info: Hyper index ON on input line 4175.
Package hyperref Info: Plain pages OFF on input line 4182.
Package hyperref Info: Backreferencing OFF on input line 4187.
Package hyperref Info: Implicit mode ON; LaTeX internals redefined.
Package hyperref Info: Bookmarks ON on input line 4434.
\c@Hy@tempcnt=\count276

(c:/texlive/2023/texmf-dist/tex/latex/url/url.sty
\Urlmuskip=\muskip17
Package: url 2013/09/16  ver 3.4  Verb mode for urls, etc.
)
LaTeX Info: Redefining \url on input line 4772.
\XeTeXLinkMargin=\dimen151

(c:/texlive/2023/texmf-dist/tex/generic/bitset/bitset.sty
Package: bitset 2019/12/09 v1.3 Handle bit-vector datatype (HO)

(c:/texlive/2023/texmf-dist/tex/generic/bigintcalc/bigintcalc.sty
Package: bigintcalc 2019/12/15 v1.5 Expandable calculations on big integers (HO
)
))
\Fld@menulength=\count277
\Field@Width=\dimen152
\Fld@charsize=\dimen153
Package hyperref Info: Hyper figures OFF on input line 6051.
Package hyperref Info: Link nesting OFF on input line 6056.
Package hyperref Info: Hyper index ON on input line 6059.
Package hyperref Info: backreferencing OFF on input line 6066.
Package hyperref Info: Link coloring OFF on input line 6071.
Package hyperref Info: Link coloring with OCG OFF on input line 6076.
Package hyperref Info: PDF/A mode OFF on input line 6081.

(c:/texlive/2023/texmf-dist/tex/latex/base/atbegshi-ltx.sty
Package: atbegshi-ltx 2021/01/10 v1.0c Emulation of the original atbegshi
package with kernel methods
)
\Hy@abspage=\count278
\c@Item=\count279
\c@Hfootnote=\count280
)
Package hyperref Info: Driver (autodetected): hpdftex.

(c:/texlive/2023/texmf-dist/tex/latex/hyperref/hpdftex.def
File: hpdftex.def 2023-07-08 v7.01b Hyperref driver for pdfTeX

(c:/texlive/2023/texmf-dist/tex/latex/base/atveryend-ltx.sty
Package: atveryend-ltx 2020/08/19 v1.0a Emulation of the original atveryend pac
kage
with kernel methods
)
\Fld@listcount=\count281
\c@bookmark@seq@number=\count282

(c:/texlive/2023/texmf-dist/tex/latex/rerunfilecheck/rerunfilecheck.sty
Package: rerunfilecheck 2022-07-10 v1.10 Rerun checks for auxiliary files (HO)

(c:/texlive/2023/texmf-dist/tex/generic/uniquecounter/uniquecounter.sty
Package: uniquecounter 2019/12/15 v1.4 Provide unlimited unique counter (HO)
)
Package uniquecounter Info: New unique counter `rerunfilecheck' on input line 2
85.
)
\Hy@SectionHShift=\skip57
)
Package hyperref Info: Option `colorlinks' set `true' on input line 19.

(c:/texlive/2023/texmf-dist/tex/latex/listings/listings.sty
\lst@mode=\count283
\lst@gtempboxa=\box53
\lst@token=\toks30
\lst@length=\count284
\lst@currlwidth=\dimen154
\lst@column=\count285
\lst@pos=\count286
\lst@lostspace=\dimen155
\lst@width=\dimen156
\lst@newlines=\count287
\lst@lineno=\count288
\lst@maxwidth=\dimen157

(c:/texlive/2023/texmf-dist/tex/latex/listings/lstmisc.sty
File: lstmisc.sty 2023/02/27 1.9 (Carsten Heinz)
\c@lstnumber=\count289
\lst@skipnumbers=\count290
\lst@framebox=\box54
)
(c:/texlive/2023/texmf-dist/tex/latex/listings/listings.cfg
File: listings.cfg 2023/02/27 1.9 listings configuration
))
Package: listings 2023/02/27 1.9 (Carsten Heinz)

(c:/texlive/2023/texmf-dist/tex/latex/minted/minted.sty
Package: minted 2023/09/12 v2.8 Yet another Pygments shim for LaTeX

(c:/texlive/2023/texmf-dist/tex/latex/fvextra/fvextra.sty
Package: fvextra 2022/11/30 v1.5 fvextra - extensions and patches for fancyvrb

(c:/texlive/2023/texmf-dist/tex/latex/fancyvrb/fancyvrb.sty
Package: fancyvrb 2023/01/19 4.5a verbatim text (tvz,hv)
\FV@CodeLineNo=\count291
\FV@InFile=\read2
\FV@TabBox=\box55
\c@FancyVerbLine=\count292
\FV@StepNumber=\count293
\FV@OutFile=\write3
)
(c:/texlive/2023/texmf-dist/tex/latex/upquote/upquote.sty
Package: upquote 2012/04/19 v1.3 upright-quote and grave-accent glyphs in verba
tim
)
(c:/texlive/2023/texmf-dist/tex/latex/lineno/lineno.sty
Package: lineno 2023/05/20 line numbers on paragraphs v5.3
\linenopenalty=\count294
\output=\toks31
\linenoprevgraf=\count295
\linenumbersep=\dimen158
\linenumberwidth=\dimen159
\c@linenumber=\count296
\c@pagewiselinenumber=\count297
\c@LN@truepage=\count298
\c@internallinenumber=\count299
\c@internallinenumbers=\count300
\quotelinenumbersep=\dimen160
\bframerule=\dimen161
\bframesep=\dimen162
\bframebox=\box56
\linenoamsmath@ams@eqpen=\count301
LaTeX Info: Redefining \\ on input line 3180.
)
\c@FV@TrueTabGroupLevel=\count302
\c@FV@TrueTabCounter=\count303
\FV@TabBox@Group=\box57
\FV@TmpLength=\skip58
\c@FV@HighlightLinesStart=\count304
\c@FV@HighlightLinesStop=\count305
\FV@LoopCount=\count306
\FV@NCharsBox=\box58
\FV@BreakIndent=\dimen163
\FV@BreakIndentNChars=\count307
\FV@BreakSymbolSepLeft=\dimen164
\FV@BreakSymbolSepLeftNChars=\count308
\FV@BreakSymbolSepRight=\dimen165
\FV@BreakSymbolSepRightNChars=\count309
\FV@BreakSymbolIndentLeft=\dimen166
\FV@BreakSymbolIndentLeftNChars=\count310
\FV@BreakSymbolIndentRight=\dimen167
\FV@BreakSymbolIndentRightNChars=\count311
\c@FancyVerbLineBreakLast=\count312
\FV@LineBox=\box59
\FV@LineIndentBox=\box60
\c@FV@BreakBufferDepth=\count313
\FV@LineWidth=\dimen168
)
(c:/texlive/2023/texmf-dist/tex/latex/base/ifthen.sty
Package: ifthen 2022/04/13 v1.1d Standard LaTeX ifthen package (DPC)
)
(c:/texlive/2023/texmf-dist/tex/latex/tools/shellesc.sty
Package: shellesc 2023/04/15 v1.0d unified shell escape interface for LaTeX
Package shellesc Info: Unrestricted shell escape enabled on input line 75.
)
(c:/texlive/2023/texmf-dist/tex/latex/ifplatform/ifplatform.sty
Package: ifplatform 2017/10/13 v0.4a Testing for the operating system

(c:/texlive/2023/texmf-dist/tex/generic/catchfile/catchfile.sty
Package: catchfile 2019/12/09 v1.8 Catch the contents of a file (HO)

(c:/texlive/2023/texmf-dist/tex/generic/etexcmds/etexcmds.sty
Package: etexcmds 2019/12/15 v1.7 Avoid name clashes with e-TeX commands (HO)
))
(c:/texlive/2023/texmf-dist/tex/generic/iftex/ifluatex.sty
Package: ifluatex 2019/10/25 v1.5 ifluatex legacy package. Use iftex instead.
))
(c:/texlive/2023/texmf-dist/tex/generic/xstring/xstring.sty
(c:/texlive/2023/texmf-dist/tex/generic/xstring/xstring.tex
\xs_counta=\count314
\xs_countb=\count315
)
Package: xstring 2023/08/22 v1.86 String manipulations (CT)
)
(c:/texlive/2023/texmf-dist/tex/latex/framed/framed.sty
Package: framed 2011/10/22 v 0.96: framed or shaded text with page breaks
\OuterFrameSep=\skip59
\fb@frw=\dimen169
\fb@frh=\dimen170
\FrameRule=\dimen171
\FrameSep=\dimen172
)
(c:/texlive/2023/texmf-dist/tex/latex/float/float.sty
Package: float 2001/11/08 v1.3d Float enhancements (AL)
\c@float@type=\count316
\float@exts=\toks32
\float@box=\box61
\@float@everytoks=\toks33
\@floatcapt=\box62
)
\minted@appexistsfile=\read3
\minted@bgbox=\box63
\minted@code=\write4
\c@minted@FancyVerbLineTemp=\count317
\c@minted@pygmentizecounter=\count318
\@float@every@listing=\toks34
\c@listing=\count319
)
runsystem(if not exist _minted-report mkdir _minted-report)...executed.


(c:/texlive/2023/texmf-dist/tex/latex/graphics/graphicx.sty
Package: graphicx 2021/09/16 v1.2d Enhanced LaTeX Graphics (DPC,SPQR)

(c:/texlive/2023/texmf-dist/tex/latex/graphics/graphics.sty
Package: graphics 2022/03/10 v1.4e Standard LaTeX Graphics (DPC,SPQR)

(c:/texlive/2023/texmf-dist/tex/latex/graphics/trig.sty
Package: trig 2021/08/11 v1.11 sin cos tan (DPC)
)
(c:/texlive/2023/texmf-dist/tex/latex/graphics-cfg/graphics.cfg
File: graphics.cfg 2016/06/04 v1.11 sample graphics configuration
)
Package graphics Info: Driver file: pdftex.def on input line 107.
)
\Gin@req@height=\dimen173
\Gin@req@width=\dimen174
)
(c:/texlive/2023/texmf-dist/tex/latex/psnfss/pifont.sty
Package: pifont 2020/03/25 PSNFSS-v9.3 Pi font support (SPQR) 
LaTeX Font Info:    Trying to load font information for U+pzd on input line 63.


(c:/texlive/2023/texmf-dist/tex/latex/psnfss/upzd.fd
File: upzd.fd 2001/06/04 font definitions for U/pzd.
)
LaTeX Font Info:    Trying to load font information for U+psy on input line 64.


(c:/texlive/2023/texmf-dist/tex/latex/psnfss/upsy.fd
File: upsy.fd 2001/06/04 font definitions for U/psy.
))
(c:/texlive/2023/texmf-dist/tex/latex/wrapfig/wrapfig.sty
\wrapoverhang=\dimen175
\WF@size=\dimen176
\c@WF@wrappedlines=\count320
\WF@box=\box64
\WF@everypar=\toks35
Package: wrapfig 2003/01/31  v 3.6
)
(c:/texlive/2023/texmf-dist/tex/latex/enumitem/enumitem.sty
Package: enumitem 2019/06/20 v3.9 Customized lists
\labelindent=\skip60
\enit@outerparindent=\dimen177
\enit@toks=\toks36
\enit@inbox=\box65
\enit@count@id=\count321
\enitdp@description=\count322
)
(c:/texlive/2023/texmf-dist/tex/latex/tools/indentfirst.sty
Package: indentfirst 1995/11/23 v1.03 Indent first paragraph (DPC)
)
(c:/texlive/2023/texmf-dist/tex/latex/listings/lstlang1.sty
File: lstlang1.sty 2023/02/27 1.9 listings language file
)
(c:/texlive/2023/texmf-dist/tex/latex/listings/lstlang2.sty
File: lstlang2.sty 2023/02/27 1.9 listings language file
)

Package amsthm Warning: Unknown theoremstyle `theorem' on input line 58.

\c@theorem=\count323
runsystem(for ^%i in (pygmentize.exe pygmentize.bat pygmentize.cmd) do set > re
port.aex <nul: /p x=^%~$PATH:i>> report.aex)...executed.

runsystem(del report.aex)...executed.

(c:/texlive/2023/texmf-dist/tex/latex/l3backend/l3backend-pdftex.def
File: l3backend-pdftex.def 2023-04-19 L3 backend support: PDF output (pdfTeX)
\l__color_backend_stack_int=\count324
\l__pdf_internal_box=\box66
)
(./report.aux)
\openout1 = `report.aux'.

LaTeX Font Info:    Checking defaults for OML/cmm/m/it on input line 75.
LaTeX Font Info:    ... okay on input line 75.
LaTeX Font Info:    Checking defaults for OMS/cmsy/m/n on input line 75.
LaTeX Font Info:    ... okay on input line 75.
LaTeX Font Info:    Checking defaults for OT1/cmr/m/n on input line 75.
LaTeX Font Info:    ... okay on input line 75.
LaTeX Font Info:    Checking defaults for T1/cmr/m/n on input line 75.
LaTeX Font Info:    ... okay on input line 75.
LaTeX Font Info:    Checking defaults for TS1/cmr/m/n on input line 75.
LaTeX Font Info:    ... okay on input line 75.
LaTeX Font Info:    Checking defaults for OMX/cmex/m/n on input line 75.
LaTeX Font Info:    ... okay on input line 75.
LaTeX Font Info:    Checking defaults for U/cmr/m/n on input line 75.
LaTeX Font Info:    ... okay on input line 75.
LaTeX Font Info:    Checking defaults for PD1/pdf/m/n on input line 75.
LaTeX Font Info:    ... okay on input line 75.
LaTeX Font Info:    Checking defaults for PU/pdf/m/n on input line 75.
LaTeX Font Info:    ... okay on input line 75.
 (c:/texlive/2023/texmf-dist/tex/context/base/mkii/supp-pdf.mkii
[Loading MPS to PDF converter (version 2006.09.02).]
\scratchcounter=\count325
\scratchdimen=\dimen178
\scratchbox=\box67
\nofMPsegments=\count326
\nofMParguments=\count327
\everyMPshowfont=\toks37
\MPscratchCnt=\count328
\MPscratchDim=\dimen179
\MPnumerator=\count329
\makeMPintoPDFobject=\count330
\everyMPtoPDFconversion=\toks38
) (c:/texlive/2023/texmf-dist/tex/latex/epstopdf-pkg/epstopdf-base.sty
Package: epstopdf-base 2020-01-24 v2.11 Base part for package epstopdf
Package epstopdf-base Info: Redefining graphics rule for `.eps' on input line 4
85.

(c:/texlive/2023/texmf-dist/tex/latex/latexconfig/epstopdf-sys.cfg
File: epstopdf-sys.cfg 2010/07/13 v1.3 Configuration of (r)epstopdf for TeX Liv
e
))
Package hyperref Info: Link coloring ON on input line 75.

(./report.out) (./report.out)
\@outlinefile=\write5
\openout5 = `report.out'.


(c:/texlive/2023/texmf-dist/tex/latex/base/textcomp.sty
Package: textcomp 2020/02/02 v2.0n Standard LaTeX package
)
\c@lstlisting=\count331
LaTeX Font Info:    Trying to load font information for U+msa on input line 78.


(c:/texlive/2023/texmf-dist/tex/latex/amsfonts/umsa.fd
File: umsa.fd 2013/01/14 v3.01 AMS symbols A
)
LaTeX Font Info:    Trying to load font information for U+msb on input line 78.


(c:/texlive/2023/texmf-dist/tex/latex/amsfonts/umsb.fd
File: umsb.fd 2013/01/14 v3.01 AMS symbols B
) (./report.toc)
\tf@toc=\write6
\openout6 = `report.toc'.

 [1

{c:/texlive/2023/texmf-var/fonts/map/pdftex/updmap/pdftex.map}]
Underfull \hbox (badness 10000) in paragraph at lines 113--117

 []

[2]
<towersOfHanoi_visual.png, id=138, 385.94188pt x 242.40562pt>
File: towersOfHanoi_visual.png Graphic file (type png)
<use towersOfHanoi_visual.png>
Package pdftex.def Info: towersOfHanoi_visual.png  used on input line 156.
(pdftex.def)             Requested size: 270.15747pt x 169.68277pt.
\openout3 = `report.pyg'.

 (./_minted-report/default.pygstyle)
(./_minted-report/25A49E3CB104111A37D609F49E969B68792C2EDD3FBCE13C24A0F5DEE1760
8C4.pygtex
LaTeX Font Info:    Font shape `OT1/cmtt/bx/n' in size <10> not available
(Font)              Font shape `OT1/cmtt/m/n' tried instead on input line 2.
)
\openout4 = `report.pyg'.


(./_minted-report/CDF006ABA858D81742CA93FC0D0594C6792C2EDD3FBCE13C24A0F5DEE1760
8C4.pygtex) [3 <./towersOfHanoi_visual.png>]
\openout4 = `report.pyg'.


(./_minted-report/CDF006ABA858D81742CA93FC0D0594C6792C2EDD3FBCE13C24A0F5DEE1760
8C4.pygtex)
\openout4 = `report.pyg'.


(./_minted-report/ED1A96FAE7ED86BEB3D098EEC41CC907792C2EDD3FBCE13C24A0F5DEE1760
8C4.pygtex)
\openout4 = `report.pyg'.


(./_minted-report/12E049B15C1BDCC7E05ACDAC8AFF68EA792C2EDD3FBCE13C24A0F5DEE1760
8C4.pygtex)
\openout4 = `report.pyg'.


(./_minted-report/23F116AF2117AF9622C6F0AC7E56918D792C2EDD3FBCE13C24A0F5DEE1760
8C4.pygtex)
Underfull \hbox (badness 10000) in paragraph at lines 187--190

 []

\openout3 = `report.pyg'.


(./_minted-report/44258DB215DF2E6C5A0228469BAA04F3792C2EDD3FBCE13C24A0F5DEE1760
8C4.pygtex [4{c:/texlive/2023/texmf-dist/fonts/enc/dvips/cm-super/cm-super-ts1.
enc}])
Underfull \hbox (badness 10000) in paragraph at lines 244--247

 []

\openout3 = `report.pyg'.


(./_minted-report/09C451975572959FBB79E4581D23F6DF792C2EDD3FBCE13C24A0F5DEE1760
8C4.pygtex [5])
\openout4 = `report.pyg'.


(./_minted-report/B3A120BCE53AA71EFFA2133B28957291792C2EDD3FBCE13C24A0F5DEE1760
8C4.pygtex)
\openout4 = `report.pyg'.


(./_minted-report/B3A120BCE53AA71EFFA2133B28957291792C2EDD3FBCE13C24A0F5DEE1760
8C4.pygtex)
\openout3 = `report.pyg'.


(./_minted-report/CE6AE612542EC66400915F91BDCDAEDF792C2EDD3FBCE13C24A0F5DEE1760
8C4.pygtex)
<parsing_arithmetic.jpg, id=155, 1626.075pt x 924.45375pt>
File: parsing_arithmetic.jpg Graphic file (type jpg)
<use parsing_arithmetic.jpg>
Package pdftex.def Info: parsing_arithmetic.jpg  used on input line 335.
(pdftex.def)             Requested size: 487.82626pt x 277.33826pt.

Overfull \hbox (18.07124pt too wide) in paragraph at lines 335--336
 [] 
 []

[6]
\openout3 = `report.pyg'.


(./_minted-report/1DF14A864CBA70B4A362A91DE463A740792C2EDD3FBCE13C24A0F5DEE1760
8C4.pygtex)
<bnfc_intro_example.png, id=164, 538.01pt x 176.66pt>
File: bnfc_intro_example.png Graphic file (type png)
<use bnfc_intro_example.png>
Package pdftex.def Info: bnfc_intro_example.png  used on input line 362.
(pdftex.def)             Requested size: 426.79134pt x 140.1421pt.
 [7 <./parsing_arithmetic.jpg>]
Underfull \hbox (badness 10000) in paragraph at lines 368--369

 []

<bnfc_exercise1a.png, id=170, 623.83063pt x 162.6075pt>
File: bnfc_exercise1a.png Graphic file (type png)
<use bnfc_exercise1a.png>
Package pdftex.def Info: bnfc_exercise1a.png  used on input line 371.
(pdftex.def)             Requested size: 426.79134pt x 111.249pt.
<bnfc_exercise1b.png, id=171, 637.38126pt x 162.6075pt>
File: bnfc_exercise1b.png Graphic file (type png)
<use bnfc_exercise1b.png>
Package pdftex.def Info: bnfc_exercise1b.png  used on input line 374.
(pdftex.def)             Requested size: 426.79134pt x 108.88194pt.
<bnfc_exercise1c.png, id=172, 653.94313pt x 161.10187pt>
File: bnfc_exercise1c.png Graphic file (type png)
<use bnfc_exercise1c.png>
Package pdftex.def Info: bnfc_exercise1c.png  used on input line 377.
(pdftex.def)             Requested size: 426.79134pt x 105.14024pt.
<bnfc_exercise1d.png, id=173, 658.46pt x 162.6075pt>
File: bnfc_exercise1d.png Graphic file (type png)
<use bnfc_exercise1d.png>
Package pdftex.def Info: bnfc_exercise1d.png  used on input line 380.
(pdftex.def)             Requested size: 426.79134pt x 105.39836pt.
[8 <./bnfc_intro_example.png> <./bnfc_exercise1a.png> <./bnfc_exercise1b.png> <
./bnfc_exercise1c.png>]
<bnfc_exercise1e.png, id=183, 679.03688pt x 161.60374pt>
File: bnfc_exercise1e.png Graphic file (type png)
<use bnfc_exercise1e.png>
Package pdftex.def Info: bnfc_exercise1e.png  used on input line 383.
(pdftex.def)             Requested size: 426.79134pt x 101.5717pt.
<bnfc_exercise1f.png, id=184, 667.49374pt x 495.8525pt>
File: bnfc_exercise1f.png Graphic file (type png)
<use bnfc_exercise1f.png>
Package pdftex.def Info: bnfc_exercise1f.png  used on input line 396.
(pdftex.def)             Requested size: 426.79134pt x 317.04944pt.

Underfull \hbox (badness 10000) in paragraph at lines 398--402

 []

[9 <./bnfc_exercise1d.png> <./bnfc_exercise1e.png> <./bnfc_exercise1f.png>]
\openout3 = `report.pyg'.


(./_minted-report/865FCE2E14BC46DB5631DB605F90197D792C2EDD3FBCE13C24A0F5DEE1760
8C4.pygtex)
<Week4hw_Trees.jpg, id=192, 1394.20876pt x 947.54pt>
File: Week4hw_Trees.jpg Graphic file (type jpg)
<use Week4hw_Trees.jpg>
Package pdftex.def Info: Week4hw_Trees.jpg  used on input line 423.
(pdftex.def)             Requested size: 426.79134pt x 290.06195pt.
 [10]
\openout3 = `report.pyg'.


(./_minted-report/67EDC41CF37CDDAC4FA011236599D383792C2EDD3FBCE13C24A0F5DEE1760
8C4.pygtex)
<Week4hw_InClassProblem.jpg, id=197, 1626.075pt x 550.055pt>
File: Week4hw_InClassProblem.jpg Graphic file (type jpg)
<use Week4hw_InClassProblem.jpg>
Package pdftex.def Info: Week4hw_InClassProblem.jpg  used on input line 446.
(pdftex.def)             Requested size: 426.79134pt x 144.3706pt.
 [11 <./Week4hw_Trees.jpg>]
\openout4 = `report.pyg'.


(./_minted-report/07F342D3A7533DA67190EA63C9D5E2EB792C2EDD3FBCE13C24A0F5DEE1760
8C4.pygtex)
\openout4 = `report.pyg'.


(./_minted-report/401B30E3B8B5D629635A5C613CDB7919792C2EDD3FBCE13C24A0F5DEE1760
8C4.pygtex)
\openout4 = `report.pyg'.


(./_minted-report/95A1DFBB6FF59EC88E2658B13109A831792C2EDD3FBCE13C24A0F5DEE1760
8C4.pygtex)
\openout3 = `report.pyg'.


(./_minted-report/5D58277FB659F6F8773AEB5501727520EB9CFFFD3EFA999586D82BBC41E64
EFD.pygtex)
\openout4 = `report.pyg'.


(./_minted-report/60B725F10C9C85C70D97880DFE8191B37A902C532A53248A8A56423B08681
E93.pygtex)
\openout4 = `report.pyg'.


(./_minted-report/60B725F10C9C85C70D97880DFE8191B37A902C532A53248A8A56423B08681
E93.pygtex)
\openout4 = `report.pyg'.


(./_minted-report/60B725F10C9C85C70D97880DFE8191B37A902C532A53248A8A56423B08681
E93.pygtex)
Underfull \hbox (badness 10000) in paragraph at lines 470--477

 []

[12 <./Week4hw_InClassProblem.jpg>]
Underfull \hbox (badness 10000) in paragraph at lines 498--502

 []

\openout4 = `report.pyg'.


(./_minted-report/8BE6A8211A3FD4457A7B57923F17D349792C2EDD3FBCE13C24A0F5DEE1760
8C4.pygtex)
Underfull \hbox (badness 10000) in paragraph at lines 524--525

 []


Underfull \hbox (badness 10000) in paragraph at lines 528--530

 []

\openout4 = `report.pyg'.


(./_minted-report/CEFAF0016A4094DAA0D367E7F7BC5509792C2EDD3FBCE13C24A0F5DEE1760
8C4.pygtex)
\openout4 = `report.pyg'.


(./_minted-report/CEFAF0016A4094DAA0D367E7F7BC5509792C2EDD3FBCE13C24A0F5DEE1760
8C4.pygtex)
\openout4 = `report.pyg'.


(./_minted-report/D4161CDF60DFA579C81C70BBF908D194792C2EDD3FBCE13C24A0F5DEE1760
8C4.pygtex)
\openout4 = `report.pyg'.


(./_minted-report/67E24E0222CFA7CE9B2DAEDB634F96DD792C2EDD3FBCE13C24A0F5DEE1760
8C4.pygtex)
\openout4 = `report.pyg'.


(./_minted-report/EB997B1966CA7479A5AABDA303C89BE7792C2EDD3FBCE13C24A0F5DEE1760
8C4.pygtex)
\openout4 = `report.pyg'.


(./_minted-report/009520053B00386D1173F3988C55D192792C2EDD3FBCE13C24A0F5DEE1760
8C4.pygtex) [13]
<Week5hw_Interpreter.jpg, id=214, 525.965pt x 492.84125pt>
File: Week5hw_Interpreter.jpg Graphic file (type jpg)
<use Week5hw_Interpreter.jpg>
Package pdftex.def Info: Week5hw_Interpreter.jpg  used on input line 550.
(pdftex.def)             Requested size: 369.88582pt x 346.60333pt.
<Week5hw_interpreterOutput.jpg, id=215, 752.8125pt x 162.6075pt>
File: Week5hw_interpreterOutput.jpg Graphic file (type jpg)
<use Week5hw_interpreterOutput.jpg>
Package pdftex.def Info: Week5hw_interpreterOutput.jpg  used on input line 557.

(pdftex.def)             Requested size: 426.79134pt x 92.1885pt.
 [14 <./Week5hw_Interpreter.jpg>]
<Week5hw_handwrittenInterpreter.jpg, id=220, 1437.37pt x 1320.935pt>
File: Week5hw_handwrittenInterpreter.jpg Graphic file (type jpg)
<use Week5hw_handwrittenInterpreter.jpg>
Package pdftex.def Info: Week5hw_handwrittenInterpreter.jpg  used on input line
 564.
(pdftex.def)             Requested size: 426.79134pt x 392.21208pt.
 [15 <./Week5hw_interpreterOutput.jpg> <./Week5hw_handwrittenInterpreter.jpg>]
\openout3 = `report.pyg'.


(./_minted-report/968B4AF3745F79BD4113CA7410224380792C2EDD3FBCE13C24A0F5DEE1760
8C4.pygtex)
\openout4 = `report.pyg'.


(./_minted-report/60B725F10C9C85C70D97880DFE8191B3792C2EDD3FBCE13C24A0F5DEE1760
8C4.pygtex)
\openout4 = `report.pyg'.


(./_minted-report/3B5D5C3712955042212316173CCF37BE792C2EDD3FBCE13C24A0F5DEE1760
8C4.pygtex)
\openout4 = `report.pyg'.


(./_minted-report/9FFBF43126E33BE52CD2BF7E01D627F9792C2EDD3FBCE13C24A0F5DEE1760
8C4.pygtex)
\openout4 = `report.pyg'.


(./_minted-report/9FFBF43126E33BE52CD2BF7E01D627F9792C2EDD3FBCE13C24A0F5DEE1760
8C4.pygtex)
\openout4 = `report.pyg'.


(./_minted-report/60B725F10C9C85C70D97880DFE8191B3792C2EDD3FBCE13C24A0F5DEE1760
8C4.pygtex)
\openout4 = `report.pyg'.


(./_minted-report/3B5D5C3712955042212316173CCF37BE792C2EDD3FBCE13C24A0F5DEE1760
8C4.pygtex)
\openout4 = `report.pyg'.


(./_minted-report/60B725F10C9C85C70D97880DFE8191B3792C2EDD3FBCE13C24A0F5DEE1760
8C4.pygtex)
\openout4 = `report.pyg'.


(./_minted-report/3B5D5C3712955042212316173CCF37BE792C2EDD3FBCE13C24A0F5DEE1760
8C4.pygtex)
\openout4 = `report.pyg'.


(./_minted-report/9FFBF43126E33BE52CD2BF7E01D627F9792C2EDD3FBCE13C24A0F5DEE1760
8C4.pygtex)
\openout4 = `report.pyg'.


(./_minted-report/F4D5D0C0671BE202BC241807C243E80B792C2EDD3FBCE13C24A0F5DEE1760
8C4.pygtex)
\openout4 = `report.pyg'.


(./_minted-report/60B725F10C9C85C70D97880DFE8191B3792C2EDD3FBCE13C24A0F5DEE1760
8C4.pygtex)
\openout4 = `report.pyg'.


(./_minted-report/3B5D5C3712955042212316173CCF37BE792C2EDD3FBCE13C24A0F5DEE1760
8C4.pygtex)
<confluent.png, id=225, 1626.075pt x 301.125pt>
File: confluent.png Graphic file (type png)
<use confluent.png>
Package pdftex.def Info: confluent.png  used on input line 611.
(pdftex.def)             Requested size: 426.79134pt x 79.035pt.

Overfull \hbox (4.03635pt too wide) in paragraph at lines 605--612
[] 
 []


Underfull \hbox (badness 10000) in paragraph at lines 605--612

 []

\openout4 = `report.pyg'.


(./_minted-report/4CDC90B257714E098EBFF99C84447EA9792C2EDD3FBCE13C24A0F5DEE1760
8C4.pygtex)
\openout4 = `report.pyg'.


(./_minted-report/FDC7E1257006FEE05FC2BD4A3C913349792C2EDD3FBCE13C24A0F5DEE1760
8C4.pygtex)
\openout4 = `report.pyg'.


(./_minted-report/4CDC90B257714E098EBFF99C84447EA9792C2EDD3FBCE13C24A0F5DEE1760
8C4.pygtex)
\openout4 = `report.pyg'.


(./_minted-report/FDC7E1257006FEE05FC2BD4A3C913349792C2EDD3FBCE13C24A0F5DEE1760
8C4.pygtex)
\openout4 = `report.pyg'.


(./_minted-report/60B725F10C9C85C70D97880DFE8191B3792C2EDD3FBCE13C24A0F5DEE1760
8C4.pygtex)
\openout4 = `report.pyg'.


(./_minted-report/3B5D5C3712955042212316173CCF37BE792C2EDD3FBCE13C24A0F5DEE1760
8C4.pygtex)
\openout4 = `report.pyg'.


(./_minted-report/3B5D5C3712955042212316173CCF37BE792C2EDD3FBCE13C24A0F5DEE1760
8C4.pygtex)
\openout4 = `report.pyg'.


(./_minted-report/3B5D5C3712955042212316173CCF37BE792C2EDD3FBCE13C24A0F5DEE1760
8C4.pygtex)
\openout4 = `report.pyg'.


(./_minted-report/3B5D5C3712955042212316173CCF37BE792C2EDD3FBCE13C24A0F5DEE1760
8C4.pygtex)
\openout4 = `report.pyg'.


(./_minted-report/60B725F10C9C85C70D97880DFE8191B3792C2EDD3FBCE13C24A0F5DEE1760
8C4.pygtex)
\openout4 = `report.pyg'.


(./_minted-report/DB395FEF8DE2E6BA86769E27562A8FBC792C2EDD3FBCE13C24A0F5DEE1760
8C4.pygtex) [16 <./confluent.png>]
\openout4 = `report.pyg'.


(./_minted-report/33B3A9184A1BAF44D1A47AD6E9158685792C2EDD3FBCE13C24A0F5DEE1760
8C4.pygtex)
\openout4 = `report.pyg'.


(./_minted-report/E4A23FD688AAF83BEB4CDF9DC8009B31792C2EDD3FBCE13C24A0F5DEE1760
8C4.pygtex)
\openout4 = `report.pyg'.


(./_minted-report/8FA71D3FD85912A199AFC5FE3C02CE75792C2EDD3FBCE13C24A0F5DEE1760
8C4.pygtex)
\openout4 = `report.pyg'.


(./_minted-report/C3F01E1E112DC12D0E36BE3F555893BC792C2EDD3FBCE13C24A0F5DEE1760
8C4.pygtex)
\openout4 = `report.pyg'.


(./_minted-report/EB1E7A0AD301AD685F776D3AF168944A792C2EDD3FBCE13C24A0F5DEE1760
8C4.pygtex)
\openout4 = `report.pyg'.


(./_minted-report/D5C7E9180084630FCB05B55DDEBD27B5792C2EDD3FBCE13C24A0F5DEE1760
8C4.pygtex)
<arsDrawn.png, id=231, 1626.075pt x 1080.035pt>
File: arsDrawn.png Graphic file (type png)
<use arsDrawn.png>
Package pdftex.def Info: arsDrawn.png  used on input line 639.
(pdftex.def)             Requested size: 569.05511pt x 377.952pt.

Overfull \hbox (114.3001pt too wide) in paragraph at lines 639--640
[][] 
 []

[17 <./ARSdrawn.png>]
<arsTable.png, id=237, 1479.5275pt x 1655.18375pt>
File: arsTable.png Graphic file (type png)
<use arsTable.png>
Package pdftex.def Info: arsTable.png  used on input line 665.
(pdftex.def)             Requested size: 426.79134pt x 477.4654pt.
 [18 <./arsTable.png>]
<arsTableEdit.png, id=244, 1626.075pt x 1157.32375pt>
File: arsTableEdit.png Graphic file (type png)
<use arsTableEdit.png>
Package pdftex.def Info: arsTableEdit.png  used on input line 673.
(pdftex.def)             Requested size: 426.79134pt x 303.75789pt.

Underfull \hbox (badness 10000) in paragraph at lines 678--681

 []


Underfull \hbox (badness 10000) in paragraph at lines 682--684

 []

<tetrisDesc.jpg, id=245, 1090.0725pt x 626.34pt>
File: tetrisDesc.jpg Graphic file (type jpg)
<use tetrisDesc.jpg>
Package pdftex.def Info: tetrisDesc.jpg  used on input line 686.
(pdftex.def)             Requested size: 426.79134pt x 245.22733pt.
[19 <./arsTableEdit.png>]
Underfull \hbox (badness 10000) in paragraph at lines 689--695

 []

<tetrisA.png, id=252, 729.72626pt x 799.98875pt>
File: tetrisA.png Graphic file (type png)
<use tetrisA.png>
Package pdftex.def Info: tetrisA.png  used on input line 697.
(pdftex.def)             Requested size: 256.0748pt x 280.73267pt.
[20 <./tetrisDesc.jpg>]
Underfull \hbox (badness 10000) in paragraph at lines 701--704

 []


Underfull \hbox (badness 10000) in paragraph at lines 711--714

 []

<tetrisB.png, id=257, 884.30376pt x 961.5925pt>
File: tetrisB.png Graphic file (type png)
<use tetrisB.png>
Package pdftex.def Info: tetrisB.png  used on input line 716.
(pdftex.def)             Requested size: 284.52756pt x 309.38857pt.
[21 <./tetrisA.png>]
<prisoner_dilemma_desc.png, id=263, 421.575pt x 369.38pt>
File: prisoner_dilemma_desc.png Graphic file (type png)
<use prisoner_dilemma_desc.png>
Package pdftex.def Info: prisoner_dilemma_desc.png  used on input line 729.
(pdftex.def)             Requested size: 284.52756pt x 249.30382pt.
 [22 <./tetrisB.png>]
Underfull \hbox (badness 10000) in paragraph at lines 732--733

 []

<prisoner_blockly1.png, id=269, 617.80812pt x 622.325pt>
File: prisoner_blockly1.png Graphic file (type png)
<use prisoner_blockly1.png>
Package pdftex.def Info: prisoner_blockly1.png  used on input line 734.
(pdftex.def)             Requested size: 227.62204pt x 229.28806pt.
<prisoner_blockly2.png, id=270, 658.46pt x 533.49312pt>
File: prisoner_blockly2.png Graphic file (type png)
<use prisoner_blockly2.png>
Package pdftex.def Info: prisoner_blockly2.png  used on input line 735.
(pdftex.def)             Requested size: 227.62204pt x 184.42165pt.

Overfull \hbox (2.71127pt too wide) in paragraph at lines 734--736
[][] [] 
 []

\openout4 = `report.pyg'.


(./_minted-report/6265B1C7743F962C93B05B8C76130B5DEB9CFFFD3EFA999586D82BBC41E64
EFD.pygtex) [23 <./prisoner_dilemma_desc.png> <./prisoner_blockly1.png> <./pris
oner_blockly2.png>]
\openout4 = `report.pyg'.


(./_minted-report/4D0549EFFCD0652DF4C6DF8A269F744AEB9CFFFD3EFA999586D82BBC41E64
EFD.pygtex)
\openout3 = `report.pyg'.


(./_minted-report/9C973FA1FFA38DA2496C985474F2DB6AEB9CFFFD3EFA999586D82BBC41E64
EFD.pygtex [24])
Underfull \hbox (badness 10000) in paragraph at lines 814--818

 []


Underfull \hbox (badness 10000) in paragraph at lines 821--825

 []


Underfull \hbox (badness 10000) in paragraph at lines 826--830

 []

[25]
Underfull \hbox (badness 10000) in paragraph at lines 834--838

 []


Underfull \hbox (badness 10000) in paragraph at lines 842--843

 []


Underfull \hbox (badness 10000) in paragraph at lines 846--852

 []


Underfull \hbox (badness 10000) in paragraph at lines 855--863

 []

[26]
Underfull \hbox (badness 10000) in paragraph at lines 866--872

 []


Underfull \hbox (badness 10000) in paragraph at lines 875--882

 []

[27]
Underfull \hbox (badness 10000) in paragraph at lines 886--897

 []

[28]
Underfull \hbox (badness 10000) in paragraph at lines 901--904

 []


Underfull \hbox (badness 10000) in paragraph at lines 911--912

 []


Underfull \hbox (badness 10000) in paragraph at lines 924--929

 []

[29]
Underfull \hbox (badness 10000) in paragraph at lines 930--934

 []

[30]
<prisoner_hat_notes.png, id=307, 1227.58624pt x 864.22874pt>
File: prisoner_hat_notes.png Graphic file (type png)
<use prisoner_hat_notes.png>
Package pdftex.def Info: prisoner_hat_notes.png  used on input line 949.
(pdftex.def)             Requested size: 512.1496pt x 360.56036pt.

Overfull \hbox (42.39458pt too wide) in paragraph at lines 949--949
 [][] 
 []

\openout3 = `report.pyg'.


(./_minted-report/A9D8EA4749D659C29E9E8480C10451B8671BD881739F9CB30E56E97DE4CB6
105.pygtex [31 <./Prisoner_hat_notes.png>])
Underfull \hbox (badness 10000) in paragraph at lines 980--985

 []


Underfull \hbox (badness 10000) in paragraph at lines 986--989

 []


Underfull \hbox (badness 10000) in paragraph at lines 990--993

 []

[32] (./report.aux)
 ***********
LaTeX2e <2023-06-01> patch level 1
L3 programming layer <2023-08-29>
 ***********
Package rerunfilecheck Info: File `report.out' has not changed.
(rerunfilecheck)             Checksum: 25FE485F53646F4F365DAD5BAC260743;3599.
runsystem(del report.pyg)...executed.

 ) 
Here is how much of TeX's memory you used:
 15292 strings out of 474928
 276758 string characters out of 5763562
 1935785 words of memory out of 5000000
 36377 multiletter control sequences out of 15000+600000
 568246 words of font info for 75 fonts, out of 8000000 for 9000
 1141 hyphenation exceptions out of 8191
 77i,8n,79p,763b,813s stack positions out of 10000i,1000n,20000p,200000b,200000s
<c:/texlive/2023/texmf-dist/fonts/type1/public/amsfonts/cm/cmbx10.pfb><c:/tex
live/2023/texmf-dist/fonts/type1/public/amsfonts/cm/cmbx12.pfb><c:/texlive/2023
/texmf-dist/fonts/type1/public/amsfonts/cm/cmbx9.pfb><c:/texlive/2023/texmf-dis
t/fonts/type1/public/amsfonts/cm/cmitt10.pfb><c:/texlive/2023/texmf-dist/fonts/
type1/public/amsfonts/cm/cmmi10.pfb><c:/texlive/2023/texmf-dist/fonts/type1/pub
lic/amsfonts/cm/cmmi7.pfb><c:/texlive/2023/texmf-dist/fonts/type1/public/amsfon
ts/cm/cmr10.pfb><c:/texlive/2023/texmf-dist/fonts/type1/public/amsfonts/cm/cmr1
2.pfb><c:/texlive/2023/texmf-dist/fonts/type1/public/amsfonts/cm/cmr17.pfb><c:/
texlive/2023/texmf-dist/fonts/type1/public/amsfonts/cm/cmr7.pfb><c:/texlive/202
3/texmf-dist/fonts/type1/public/amsfonts/cm/cmr9.pfb><c:/texlive/2023/texmf-dis
t/fonts/type1/public/amsfonts/cm/cmsy10.pfb><c:/texlive/2023/texmf-dist/fonts/t
ype1/public/amsfonts/cm/cmti10.pfb><c:/texlive/2023/texmf-dist/fonts/type1/publ
ic/amsfonts/cm/cmtt10.pfb><c:/texlive/2023/texmf-dist/fonts/type1/public/cm-sup
er/sfrm1000.pfb><c:/texlive/2023/texmf-dist/fonts/type1/urw/zapfding/uzdr.pfb>
Output written on report.pdf (32 pages, 4192091 bytes).
PDF statistics:
 406 PDF objects out of 1000 (max. 8388607)
 295 compressed objects within 3 object streams
 62 named destinations out of 1000 (max. 500000)
 310 words of extra memory for PDF output out of 10000 (max. 10000000)

